2024-07-02 04:23:51,991 - INFO:werkzeug - [31m[1mWARNING: This is a development server. Do not use it in a production deployment. Use a production WSGI server instead.[0m
 * Running on all addresses (0.0.0.0)
 * Running on http://127.0.0.1:8000
 * Running on http://172.18.0.4:8000
2024-07-02 04:23:51,991 - INFO:werkzeug - [33mPress CTRL+C to quit[0m
2024-07-02 04:38:48,269 - INFO:werkzeug - [31m[1mWARNING: This is a development server. Do not use it in a production deployment. Use a production WSGI server instead.[0m
 * Running on all addresses (0.0.0.0)
 * Running on http://127.0.0.1:8000
 * Running on http://172.18.0.4:8000
2024-07-02 04:38:48,269 - INFO:werkzeug - [33mPress CTRL+C to quit[0m
2024-07-02 06:18:15,702 - INFO:werkzeug - [31m[1mWARNING: This is a development server. Do not use it in a production deployment. Use a production WSGI server instead.[0m
 * Running on all addresses (0.0.0.0)
 * Running on http://127.0.0.1:8000
 * Running on http://172.18.0.4:8000
2024-07-02 06:18:15,702 - INFO:werkzeug - [33mPress CTRL+C to quit[0m
2024-07-02 06:56:52,450 - INFO:werkzeug - [31m[1mWARNING: This is a development server. Do not use it in a production deployment. Use a production WSGI server instead.[0m
 * Running on all addresses (0.0.0.0)
 * Running on http://127.0.0.1:8000
 * Running on http://172.18.0.4:8000
2024-07-02 06:56:52,450 - INFO:werkzeug - [33mPress CTRL+C to quit[0m
2024-07-02 07:00:50,335 - INFO:root - >ai_transcribe():
2024-07-02 07:00:50,339 - INFO:root - audio_file: <FileStorage: '/var/www/backend/input_audio_files/test_1.wav' ('audio/wav')>
2024-07-02 07:00:50,339 - INFO:root - audio_filename: /var/www/backend/input_audio_files/test_1.wav
2024-07-02 07:00:50,339 - INFO:root - destination_path: /var/www/ai_server/input_audio_files/test_1.wav
2024-07-02 07:00:50,349 - DEBUG:root - >cmd_transcribe
2024-07-02 07:00:50,350 - DEBUG:root - >logging_cui=file:<_io.TextIOWrapper name='<stdout>' mode='w' encoding='utf-8'>, is_flush:True, is_print:False, is_log:True, is_output_file:False, sys.stdout:<_io.TextIOWrapper name='<stdout>' mode='w' encoding='utf-8'>, sys.stderr:<_io.TextIOWrapper name='<stderr>' mode='w' encoding='utf-8'>
2024-07-02 07:00:50,350 - INFO:root - [07:00:50.350]model:faster-large-v2, device:cpu, in_filepath:/var/www/ai_server/input_audio_files/test_1.wav, out_filename:None, language:None, initial_prompt:None, verbose:None, dtime:None, list:None
2024-07-02 07:00:50,350 - DEBUG:root - >_load_faster_whisperlib_model
2024-07-02 07:00:50,400 - DEBUG:urllib3.connectionpool - Starting new HTTPS connection (1): huggingface.co:443
2024-07-02 07:00:50,622 - DEBUG:urllib3.connectionpool - https://huggingface.co:443 "GET /api/models/Systran/faster-whisper-large-v2/revision/main HTTP/11" 200 1857
2024-07-02 07:00:50,643 - DEBUG:urllib3.connectionpool - Starting new HTTPS connection (1): huggingface.co:443
2024-07-02 07:00:50,644 - DEBUG:urllib3.connectionpool - Starting new HTTPS connection (1): huggingface.co:443
2024-07-02 07:00:50,645 - DEBUG:urllib3.connectionpool - Starting new HTTPS connection (1): huggingface.co:443
2024-07-02 07:00:50,646 - DEBUG:urllib3.connectionpool - Starting new HTTPS connection (1): huggingface.co:443
2024-07-02 07:00:50,845 - DEBUG:urllib3.connectionpool - https://huggingface.co:443 "HEAD /Systran/faster-whisper-large-v2/resolve/f0fe81560cb8b68660e564f55dd99207059c092e/model.bin HTTP/11" 302 0
2024-07-02 07:00:50,850 - DEBUG:filelock - Attempting to acquire lock 281469225694832 on /root/.cache/huggingface/hub/.locks/models--Systran--faster-whisper-large-v2/bf2a9746382e1aa7ffff6b3a0d137ed9edbd9670c3b87e5d35f5e85e70d0333a.lock
2024-07-02 07:00:50,851 - DEBUG:filelock - Lock 281469225694832 acquired on /root/.cache/huggingface/hub/.locks/models--Systran--faster-whisper-large-v2/bf2a9746382e1aa7ffff6b3a0d137ed9edbd9670c3b87e5d35f5e85e70d0333a.lock
2024-07-02 07:00:50,855 - DEBUG:urllib3.connectionpool - Starting new HTTPS connection (1): cdn-lfs-us-1.huggingface.co:443
2024-07-02 07:00:50,856 - DEBUG:urllib3.connectionpool - https://huggingface.co:443 "HEAD /Systran/faster-whisper-large-v2/resolve/f0fe81560cb8b68660e564f55dd99207059c092e/tokenizer.json HTTP/11" 200 0
2024-07-02 07:00:50,857 - DEBUG:urllib3.connectionpool - https://huggingface.co:443 "HEAD /Systran/faster-whisper-large-v2/resolve/f0fe81560cb8b68660e564f55dd99207059c092e/config.json HTTP/11" 200 0
2024-07-02 07:00:50,858 - DEBUG:urllib3.connectionpool - https://huggingface.co:443 "HEAD /Systran/faster-whisper-large-v2/resolve/f0fe81560cb8b68660e564f55dd99207059c092e/vocabulary.txt HTTP/11" 200 0
2024-07-02 07:00:50,860 - DEBUG:filelock - Attempting to acquire lock 281469225863344 on /root/.cache/huggingface/hub/.locks/models--Systran--faster-whisper-large-v2/7818adb6de9fa3064d3ff81226fdd675be1f6344.lock
2024-07-02 07:00:50,861 - DEBUG:filelock - Attempting to acquire lock 281469225693920 on /root/.cache/huggingface/hub/.locks/models--Systran--faster-whisper-large-v2/346bb8684801a61c15ce82bcb80c29a63c2d1f94.lock
2024-07-02 07:00:50,863 - DEBUG:filelock - Attempting to acquire lock 281469225866800 on /root/.cache/huggingface/hub/.locks/models--Systran--faster-whisper-large-v2/c9074644d9d1205686f16d411564729461324b75.lock
2024-07-02 07:00:50,863 - DEBUG:filelock - Lock 281469225863344 acquired on /root/.cache/huggingface/hub/.locks/models--Systran--faster-whisper-large-v2/7818adb6de9fa3064d3ff81226fdd675be1f6344.lock
2024-07-02 07:00:50,864 - DEBUG:filelock - Lock 281469225693920 acquired on /root/.cache/huggingface/hub/.locks/models--Systran--faster-whisper-large-v2/346bb8684801a61c15ce82bcb80c29a63c2d1f94.lock
2024-07-02 07:00:50,864 - DEBUG:filelock - Lock 281469225866800 acquired on /root/.cache/huggingface/hub/.locks/models--Systran--faster-whisper-large-v2/c9074644d9d1205686f16d411564729461324b75.lock
2024-07-02 07:00:50,935 - DEBUG:urllib3.connectionpool - https://cdn-lfs-us-1.huggingface.co:443 "GET /repos/a2/52/a25260eb7ee7f0c3efd5425bafeb3c6c4b746a73c46008250842298fff6d3f86/bf2a9746382e1aa7ffff6b3a0d137ed9edbd9670c3b87e5d35f5e85e70d0333a?response-content-disposition=inline%3B+filename*%3DUTF-8%27%27model.bin%3B+filename%3D%22model.bin%22%3B&response-content-type=application%2Foctet-stream&Expires=1720162850&Policy=eyJTdGF0ZW1lbnQiOlt7IkNvbmRpdGlvbiI6eyJEYXRlTGVzc1RoYW4iOnsiQVdTOkVwb2NoVGltZSI6MTcyMDE2Mjg1MH19LCJSZXNvdXJjZSI6Imh0dHBzOi8vY2RuLWxmcy11cy0xLmh1Z2dpbmdmYWNlLmNvL3JlcG9zL2EyLzUyL2EyNTI2MGViN2VlN2YwYzNlZmQ1NDI1YmFmZWIzYzZjNGI3NDZhNzNjNDYwMDgyNTA4NDIyOThmZmY2ZDNmODYvYmYyYTk3NDYzODJlMWFhN2ZmZmY2YjNhMGQxMzdlZDllZGJkOTY3MGMzYjg3ZTVkMzVmNWU4NWU3MGQwMzMzYT9yZXNwb25zZS1jb250ZW50LWRpc3Bvc2l0aW9uPSomcmVzcG9uc2UtY29udGVudC10eXBlPSoifV19&Signature=RaDt9qJmQxI6JOnAH2MMY5HWmSFnRTi5H3wAqxYa3fbRyC3FjdyeAafJ6SyMofvIaaEm~Abj6Lvyp2NcrlmfFk4-5vz9WFE0UsiQvdIb1SkzN313STPozZd8~eMcExMROTGdMXWMm2I7uf3mYxKDkY1f56RXtfYVbXkUmJo6568goo2~LjN4rx3fMC0FOjxIU1g-iy7giDtxA7YocP7qFh8pIFulqVbXcJ81TqQoT3ehMn~4ARNrDXq2ApZXgEer59P2VHAivi3XSvafQ6GEKaCzltwyWaKyg7dBmGag1IJ-06ZENLOiPN41oqi1t9ydyjV9iO3pz0SdXS6SfqI0yQ__&Key-Pair-Id=K24J24Z295AEI9 HTTP/11" 200 3086912962
2024-07-02 07:00:51,057 - DEBUG:urllib3.connectionpool - https://huggingface.co:443 "GET /Systran/faster-whisper-large-v2/resolve/f0fe81560cb8b68660e564f55dd99207059c092e/tokenizer.json HTTP/11" 200 2203239
2024-07-02 07:00:51,084 - DEBUG:urllib3.connectionpool - https://huggingface.co:443 "GET /Systran/faster-whisper-large-v2/resolve/f0fe81560cb8b68660e564f55dd99207059c092e/config.json HTTP/11" 200 2796
2024-07-02 07:00:51,092 - DEBUG:filelock - Attempting to release lock 281469225693920 on /root/.cache/huggingface/hub/.locks/models--Systran--faster-whisper-large-v2/346bb8684801a61c15ce82bcb80c29a63c2d1f94.lock
2024-07-02 07:00:51,093 - DEBUG:filelock - Lock 281469225693920 released on /root/.cache/huggingface/hub/.locks/models--Systran--faster-whisper-large-v2/346bb8684801a61c15ce82bcb80c29a63c2d1f94.lock
2024-07-02 07:00:51,095 - DEBUG:urllib3.connectionpool - https://huggingface.co:443 "GET /Systran/faster-whisper-large-v2/resolve/f0fe81560cb8b68660e564f55dd99207059c092e/vocabulary.txt HTTP/11" 200 459861
2024-07-02 07:00:51,664 - DEBUG:filelock - Attempting to release lock 281469225866800 on /root/.cache/huggingface/hub/.locks/models--Systran--faster-whisper-large-v2/c9074644d9d1205686f16d411564729461324b75.lock
2024-07-02 07:00:51,664 - DEBUG:filelock - Lock 281469225866800 released on /root/.cache/huggingface/hub/.locks/models--Systran--faster-whisper-large-v2/c9074644d9d1205686f16d411564729461324b75.lock
2024-07-02 07:00:53,188 - DEBUG:filelock - Attempting to release lock 281469225863344 on /root/.cache/huggingface/hub/.locks/models--Systran--faster-whisper-large-v2/7818adb6de9fa3064d3ff81226fdd675be1f6344.lock
2024-07-02 07:00:53,189 - DEBUG:filelock - Lock 281469225863344 released on /root/.cache/huggingface/hub/.locks/models--Systran--faster-whisper-large-v2/7818adb6de9fa3064d3ff81226fdd675be1f6344.lock
2024-07-02 07:06:32,405 - INFO:werkzeug - [31m[1mWARNING: This is a development server. Do not use it in a production deployment. Use a production WSGI server instead.[0m
 * Running on all addresses (0.0.0.0)
 * Running on http://127.0.0.1:8000
 * Running on http://172.18.0.4:8000
2024-07-02 07:06:32,405 - INFO:werkzeug - [33mPress CTRL+C to quit[0m
2024-07-02 07:06:48,495 - INFO:root - >ai_transcribe():
2024-07-02 07:06:48,498 - INFO:root - audio_file: <FileStorage: '/var/www/backend/input_audio_files/test_1.wav' ('audio/wav')>
2024-07-02 07:06:48,498 - INFO:root - audio_filename: /var/www/backend/input_audio_files/test_1.wav
2024-07-02 07:06:48,498 - INFO:root - destination_path: /var/www/ai_server/input_audio_files/test_1.wav
2024-07-02 07:06:48,512 - DEBUG:root - >cmd_transcribe
2024-07-02 07:06:48,513 - DEBUG:root - >logging_cui=file:<_io.TextIOWrapper name='<stdout>' mode='w' encoding='utf-8'>, is_flush:True, is_print:False, is_log:True, is_output_file:False, sys.stdout:<_io.TextIOWrapper name='<stdout>' mode='w' encoding='utf-8'>, sys.stderr:<_io.TextIOWrapper name='<stderr>' mode='w' encoding='utf-8'>
2024-07-02 07:06:48,513 - INFO:root - [07:06:48.513]model:faster-large-v2, device:cpu, in_filepath:/var/www/ai_server/input_audio_files/test_1.wav, out_filename:None, language:None, initial_prompt:None, verbose:None, dtime:None, list:None
2024-07-02 07:06:48,513 - DEBUG:root - >_load_faster_whisperlib_model
2024-07-02 07:06:48,550 - DEBUG:urllib3.connectionpool - Starting new HTTPS connection (1): huggingface.co:443
2024-07-02 07:06:49,073 - DEBUG:urllib3.connectionpool - https://huggingface.co:443 "GET /api/models/Systran/faster-whisper-large-v2/revision/main HTTP/11" 200 1857
2024-07-02 07:06:49,089 - DEBUG:urllib3.connectionpool - Starting new HTTPS connection (1): huggingface.co:443
2024-07-02 07:06:49,092 - DEBUG:urllib3.connectionpool - Starting new HTTPS connection (1): huggingface.co:443
2024-07-02 07:06:49,092 - DEBUG:urllib3.connectionpool - Starting new HTTPS connection (1): huggingface.co:443
2024-07-02 07:06:49,094 - DEBUG:urllib3.connectionpool - Starting new HTTPS connection (1): huggingface.co:443
2024-07-02 07:06:49,303 - DEBUG:urllib3.connectionpool - https://huggingface.co:443 "HEAD /Systran/faster-whisper-large-v2/resolve/f0fe81560cb8b68660e564f55dd99207059c092e/model.bin HTTP/11" 302 0
2024-07-02 07:06:49,306 - DEBUG:filelock - Attempting to acquire lock 281469691916592 on /root/.cache/huggingface/hub/.locks/models--Systran--faster-whisper-large-v2/bf2a9746382e1aa7ffff6b3a0d137ed9edbd9670c3b87e5d35f5e85e70d0333a.lock
2024-07-02 07:06:49,307 - DEBUG:filelock - Lock 281469691916592 acquired on /root/.cache/huggingface/hub/.locks/models--Systran--faster-whisper-large-v2/bf2a9746382e1aa7ffff6b3a0d137ed9edbd9670c3b87e5d35f5e85e70d0333a.lock
2024-07-02 07:06:49,311 - DEBUG:urllib3.connectionpool - Starting new HTTPS connection (1): cdn-lfs-us-1.huggingface.co:443
2024-07-02 07:06:49,330 - DEBUG:urllib3.connectionpool - https://huggingface.co:443 "HEAD /Systran/faster-whisper-large-v2/resolve/f0fe81560cb8b68660e564f55dd99207059c092e/vocabulary.txt HTTP/11" 200 0
2024-07-02 07:06:49,332 - DEBUG:filelock - Attempting to acquire lock 281469692093792 on /root/.cache/huggingface/hub/.locks/models--Systran--faster-whisper-large-v2/c9074644d9d1205686f16d411564729461324b75.lock
2024-07-02 07:06:49,332 - DEBUG:filelock - Lock 281469692093792 acquired on /root/.cache/huggingface/hub/.locks/models--Systran--faster-whisper-large-v2/c9074644d9d1205686f16d411564729461324b75.lock
2024-07-02 07:06:49,366 - DEBUG:urllib3.connectionpool - https://huggingface.co:443 "HEAD /Systran/faster-whisper-large-v2/resolve/f0fe81560cb8b68660e564f55dd99207059c092e/tokenizer.json HTTP/11" 200 0
2024-07-02 07:06:49,368 - DEBUG:filelock - Attempting to acquire lock 281469692085488 on /root/.cache/huggingface/hub/.locks/models--Systran--faster-whisper-large-v2/7818adb6de9fa3064d3ff81226fdd675be1f6344.lock
2024-07-02 07:06:49,369 - DEBUG:filelock - Lock 281469692085488 acquired on /root/.cache/huggingface/hub/.locks/models--Systran--faster-whisper-large-v2/7818adb6de9fa3064d3ff81226fdd675be1f6344.lock
2024-07-02 07:06:49,373 - DEBUG:urllib3.connectionpool - https://cdn-lfs-us-1.huggingface.co:443 "GET /repos/a2/52/a25260eb7ee7f0c3efd5425bafeb3c6c4b746a73c46008250842298fff6d3f86/bf2a9746382e1aa7ffff6b3a0d137ed9edbd9670c3b87e5d35f5e85e70d0333a?response-content-disposition=inline%3B+filename*%3DUTF-8%27%27model.bin%3B+filename%3D%22model.bin%22%3B&response-content-type=application%2Foctet-stream&Expires=1720161117&Policy=eyJTdGF0ZW1lbnQiOlt7IkNvbmRpdGlvbiI6eyJEYXRlTGVzc1RoYW4iOnsiQVdTOkVwb2NoVGltZSI6MTcyMDE2MTExN319LCJSZXNvdXJjZSI6Imh0dHBzOi8vY2RuLWxmcy11cy0xLmh1Z2dpbmdmYWNlLmNvL3JlcG9zL2EyLzUyL2EyNTI2MGViN2VlN2YwYzNlZmQ1NDI1YmFmZWIzYzZjNGI3NDZhNzNjNDYwMDgyNTA4NDIyOThmZmY2ZDNmODYvYmYyYTk3NDYzODJlMWFhN2ZmZmY2YjNhMGQxMzdlZDllZGJkOTY3MGMzYjg3ZTVkMzVmNWU4NWU3MGQwMzMzYT9yZXNwb25zZS1jb250ZW50LWRpc3Bvc2l0aW9uPSomcmVzcG9uc2UtY29udGVudC10eXBlPSoifV19&Signature=pQ5crghI9sjO3cWlhD616C~~7Jo-l6fTVyP6oC6vkljbDvSSUM3xoqPe4Vmk7FGmZCdEHbhko4BYL28ljuWvF8cf~vfnzI2MKoMDdfqOW6RFZ~NYP7qDdL27A8xuTgZBAj0u9M4UgxR3Vu8NR5cqQryXhmPpFexP16YnTmHICxEznjs8VX8IPmDoM-Qjr4AWQtMKFAHeAY-eRt8~wJ4R0krvGb2ovGug5nuf1Hrn7dpqyeT7q6UGnoPzNGa1ekqLEVqNBzmIvZCoYu37ucn3hOh2vvJOt6eKwhzPTAD7LEcEZi8Xe1VJ3bqPo7K~nvhuFZYUYHsGw9eoOVNd-Mu9KA__&Key-Pair-Id=K24J24Z295AEI9 HTTP/11" 200 3086912962
2024-07-02 07:06:49,526 - DEBUG:urllib3.connectionpool - https://huggingface.co:443 "GET /Systran/faster-whisper-large-v2/resolve/f0fe81560cb8b68660e564f55dd99207059c092e/vocabulary.txt HTTP/11" 200 459861
2024-07-02 07:06:49,596 - DEBUG:urllib3.connectionpool - https://huggingface.co:443 "GET /Systran/faster-whisper-large-v2/resolve/f0fe81560cb8b68660e564f55dd99207059c092e/tokenizer.json HTTP/11" 200 2203239
2024-07-02 07:06:49,657 - DEBUG:urllib3.connectionpool - https://huggingface.co:443 "HEAD /Systran/faster-whisper-large-v2/resolve/f0fe81560cb8b68660e564f55dd99207059c092e/config.json HTTP/11" 200 0
2024-07-02 07:06:49,659 - DEBUG:filelock - Attempting to acquire lock 281469691920240 on /root/.cache/huggingface/hub/.locks/models--Systran--faster-whisper-large-v2/346bb8684801a61c15ce82bcb80c29a63c2d1f94.lock
2024-07-02 07:06:49,660 - DEBUG:filelock - Lock 281469691920240 acquired on /root/.cache/huggingface/hub/.locks/models--Systran--faster-whisper-large-v2/346bb8684801a61c15ce82bcb80c29a63c2d1f94.lock
2024-07-02 07:06:49,956 - DEBUG:urllib3.connectionpool - https://huggingface.co:443 "GET /Systran/faster-whisper-large-v2/resolve/f0fe81560cb8b68660e564f55dd99207059c092e/config.json HTTP/11" 200 2796
2024-07-02 07:06:49,960 - DEBUG:filelock - Attempting to release lock 281469691920240 on /root/.cache/huggingface/hub/.locks/models--Systran--faster-whisper-large-v2/346bb8684801a61c15ce82bcb80c29a63c2d1f94.lock
2024-07-02 07:06:49,961 - DEBUG:filelock - Lock 281469691920240 released on /root/.cache/huggingface/hub/.locks/models--Systran--faster-whisper-large-v2/346bb8684801a61c15ce82bcb80c29a63c2d1f94.lock
2024-07-02 07:06:50,054 - DEBUG:filelock - Attempting to release lock 281469692093792 on /root/.cache/huggingface/hub/.locks/models--Systran--faster-whisper-large-v2/c9074644d9d1205686f16d411564729461324b75.lock
2024-07-02 07:06:50,055 - DEBUG:filelock - Lock 281469692093792 released on /root/.cache/huggingface/hub/.locks/models--Systran--faster-whisper-large-v2/c9074644d9d1205686f16d411564729461324b75.lock
2024-07-02 07:06:51,805 - DEBUG:filelock - Attempting to release lock 281469692085488 on /root/.cache/huggingface/hub/.locks/models--Systran--faster-whisper-large-v2/7818adb6de9fa3064d3ff81226fdd675be1f6344.lock
2024-07-02 07:06:51,806 - DEBUG:filelock - Lock 281469692085488 released on /root/.cache/huggingface/hub/.locks/models--Systran--faster-whisper-large-v2/7818adb6de9fa3064d3ff81226fdd675be1f6344.lock
2024-07-02 07:10:19,330 - WARNING:huggingface_hub.file_download - Error while downloading from https://cdn-lfs-us-1.huggingface.co/repos/a2/52/a25260eb7ee7f0c3efd5425bafeb3c6c4b746a73c46008250842298fff6d3f86/bf2a9746382e1aa7ffff6b3a0d137ed9edbd9670c3b87e5d35f5e85e70d0333a?response-content-disposition=inline%3B+filename*%3DUTF-8%27%27model.bin%3B+filename%3D%22model.bin%22%3B&response-content-type=application%2Foctet-stream&Expires=1720161117&Policy=eyJTdGF0ZW1lbnQiOlt7IkNvbmRpdGlvbiI6eyJEYXRlTGVzc1RoYW4iOnsiQVdTOkVwb2NoVGltZSI6MTcyMDE2MTExN319LCJSZXNvdXJjZSI6Imh0dHBzOi8vY2RuLWxmcy11cy0xLmh1Z2dpbmdmYWNlLmNvL3JlcG9zL2EyLzUyL2EyNTI2MGViN2VlN2YwYzNlZmQ1NDI1YmFmZWIzYzZjNGI3NDZhNzNjNDYwMDgyNTA4NDIyOThmZmY2ZDNmODYvYmYyYTk3NDYzODJlMWFhN2ZmZmY2YjNhMGQxMzdlZDllZGJkOTY3MGMzYjg3ZTVkMzVmNWU4NWU3MGQwMzMzYT9yZXNwb25zZS1jb250ZW50LWRpc3Bvc2l0aW9uPSomcmVzcG9uc2UtY29udGVudC10eXBlPSoifV19&Signature=pQ5crghI9sjO3cWlhD616C%7E%7E7Jo-l6fTVyP6oC6vkljbDvSSUM3xoqPe4Vmk7FGmZCdEHbhko4BYL28ljuWvF8cf%7EvfnzI2MKoMDdfqOW6RFZ%7ENYP7qDdL27A8xuTgZBAj0u9M4UgxR3Vu8NR5cqQryXhmPpFexP16YnTmHICxEznjs8VX8IPmDoM-Qjr4AWQtMKFAHeAY-eRt8%7EwJ4R0krvGb2ovGug5nuf1Hrn7dpqyeT7q6UGnoPzNGa1ekqLEVqNBzmIvZCoYu37ucn3hOh2vvJOt6eKwhzPTAD7LEcEZi8Xe1VJ3bqPo7K%7EnvhuFZYUYHsGw9eoOVNd-Mu9KA__&Key-Pair-Id=K24J24Z295AEI9: HTTPSConnectionPool(host='cdn-lfs-us-1.huggingface.co', port=443): Read timed out.
Trying to resume download...
2024-07-02 07:10:20,344 - DEBUG:urllib3.connectionpool - Starting new HTTPS connection (1): cdn-lfs-us-1.huggingface.co:443
2024-07-02 07:10:20,401 - DEBUG:filelock - Attempting to release lock 281469691916592 on /root/.cache/huggingface/hub/.locks/models--Systran--faster-whisper-large-v2/bf2a9746382e1aa7ffff6b3a0d137ed9edbd9670c3b87e5d35f5e85e70d0333a.lock
2024-07-02 07:10:20,402 - DEBUG:filelock - Lock 281469691916592 released on /root/.cache/huggingface/hub/.locks/models--Systran--faster-whisper-large-v2/bf2a9746382e1aa7ffff6b3a0d137ed9edbd9670c3b87e5d35f5e85e70d0333a.lock
2024-07-02 07:10:20,403 - WARNING:faster_whisper - An error occured while synchronizing the model Systran/faster-whisper-large-v2 from the Hugging Face Hub:
(MaxRetryError("HTTPSConnectionPool(host='cdn-lfs-us-1.huggingface.co', port=443): Max retries exceeded with url: /repos/a2/52/a25260eb7ee7f0c3efd5425bafeb3c6c4b746a73c46008250842298fff6d3f86/bf2a9746382e1aa7ffff6b3a0d137ed9edbd9670c3b87e5d35f5e85e70d0333a?response-content-disposition=inline%3B+filename*%3DUTF-8%27%27model.bin%3B+filename%3D%22model.bin%22%3B&response-content-type=application%2Foctet-stream&Expires=1720161117&Policy=eyJTdGF0ZW1lbnQiOlt7IkNvbmRpdGlvbiI6eyJEYXRlTGVzc1RoYW4iOnsiQVdTOkVwb2NoVGltZSI6MTcyMDE2MTExN319LCJSZXNvdXJjZSI6Imh0dHBzOi8vY2RuLWxmcy11cy0xLmh1Z2dpbmdmYWNlLmNvL3JlcG9zL2EyLzUyL2EyNTI2MGViN2VlN2YwYzNlZmQ1NDI1YmFmZWIzYzZjNGI3NDZhNzNjNDYwMDgyNTA4NDIyOThmZmY2ZDNmODYvYmYyYTk3NDYzODJlMWFhN2ZmZmY2YjNhMGQxMzdlZDllZGJkOTY3MGMzYjg3ZTVkMzVmNWU4NWU3MGQwMzMzYT9yZXNwb25zZS1jb250ZW50LWRpc3Bvc2l0aW9uPSomcmVzcG9uc2UtY29udGVudC10eXBlPSoifV19&Signature=pQ5crghI9sjO3cWlhD616C~~7Jo-l6fTVyP6oC6vkljbDvSSUM3xoqPe4Vmk7FGmZCdEHbhko4BYL28ljuWvF8cf~vfnzI2MKoMDdfqOW6RFZ~NYP7qDdL27A8xuTgZBAj0u9M4UgxR3Vu8NR5cqQryXhmPpFexP16YnTmHICxEznjs8VX8IPmDoM-Qjr4AWQtMKFAHeAY-eRt8~wJ4R0krvGb2ovGug5nuf1Hrn7dpqyeT7q6UGnoPzNGa1ekqLEVqNBzmIvZCoYu37ucn3hOh2vvJOt6eKwhzPTAD7LEcEZi8Xe1VJ3bqPo7K~nvhuFZYUYHsGw9eoOVNd-Mu9KA__&Key-Pair-Id=K24J24Z295AEI9 (Caused by SSLError(SSLCertVerificationError(1, '[SSL: CERTIFICATE_VERIFY_FAILED] certificate verify failed: self-signed certificate (_ssl.c:1007)')))"), '(Request ID: 4c43766a-34ea-4173-b1f0-22a20e57cce4)')
2024-07-02 07:10:20,404 - WARNING:faster_whisper - Trying to load the model directly from the local cache, if it exists.
2024-07-02 07:10:20,410 - ERROR:root - Exception: Unable to open file 'model.bin' in model '/root/.cache/huggingface/hub/models--Systran--faster-whisper-large-v2/snapshots/f0fe81560cb8b68660e564f55dd99207059c092e'
2024-07-02 07:10:20,413 - ERROR:root - Traceback: Traceback (most recent call last):
  File "/var/www/ai_server/transcription.py", line 78, in ai_transcribe
    transcription = cmd_transcribe('faster-large-v2', 'cpu', new_filename, None, None, None, None, None, None)
  File "/var/www/ai_server/transcription.py", line 105, in cmd_transcribe
    _load_model(model, device, in_filepath, out_filename, language, initial_prompt, verbose, dtime_base)
  File "/var/www/ai_server/transcription.py", line 116, in _load_model
    if model == "faster-large-v2"   : _load_faster_whisperlib_model(in_filepath, model, device, language=language, initial_prompt=initial_prompt, verbose=verbose, dtime_base=dtime_base)
  File "/var/www/ai_server/transcription.py", line 157, in _load_faster_whisperlib_model
    audio_model = WhisperModel("large-v2", device="cpu")
  File "/usr/local/lib/python3.10/dist-packages/faster_whisper/transcribe.py", line 133, in __init__
    self.model = ctranslate2.models.Whisper(
RuntimeError: Unable to open file 'model.bin' in model '/root/.cache/huggingface/hub/models--Systran--faster-whisper-large-v2/snapshots/f0fe81560cb8b68660e564f55dd99207059c092e'

2024-07-02 07:10:20,414 - INFO:werkzeug - 172.18.0.5 - - [02/Jul/2024 07:10:20] "[35m[1mPOST /api/aibt/ai_server HTTP/1.1[0m" 500 -
2024-07-02 07:29:35,144 - INFO:werkzeug - [31m[1mWARNING: This is a development server. Do not use it in a production deployment. Use a production WSGI server instead.[0m
 * Running on all addresses (0.0.0.0)
 * Running on http://127.0.0.1:8000
 * Running on http://172.18.0.4:8000
2024-07-02 07:29:35,144 - INFO:werkzeug - [33mPress CTRL+C to quit[0m
2024-07-02 07:29:56,077 - INFO:root - >ai_transcribe():
2024-07-02 07:29:56,079 - INFO:root - audio_file: <FileStorage: '/var/www/backend/input_audio_files/test_1.wav' ('audio/wav')>
2024-07-02 07:29:56,080 - INFO:root - audio_filename: /var/www/backend/input_audio_files/test_1.wav
2024-07-02 07:29:56,080 - INFO:root - destination_path: /var/www/ai_server/input_audio_files/test_1.wav
2024-07-02 07:29:56,092 - DEBUG:root - >cmd_transcribe
2024-07-02 07:29:56,092 - DEBUG:root - >logging_cui=file:<_io.TextIOWrapper name='<stdout>' mode='w' encoding='utf-8'>, is_flush:True, is_print:False, is_log:True, is_output_file:False, sys.stdout:<_io.TextIOWrapper name='<stdout>' mode='w' encoding='utf-8'>, sys.stderr:<_io.TextIOWrapper name='<stderr>' mode='w' encoding='utf-8'>
2024-07-02 07:29:56,092 - INFO:root - [07:29:56.092]model:faster-large-v2, device:cpu, in_filepath:/var/www/ai_server/input_audio_files/test_1.wav, out_filename:None, language:None, initial_prompt:None, verbose:None, dtime:None, list:None
2024-07-02 07:29:56,092 - DEBUG:root - >_load_faster_whisperlib_model
2024-07-02 07:29:56,130 - DEBUG:urllib3.connectionpool - Starting new HTTPS connection (1): huggingface.co:443
2024-07-02 07:29:56,367 - DEBUG:urllib3.connectionpool - https://huggingface.co:443 "GET /api/models/Systran/faster-whisper-large-v2/revision/main HTTP/11" 200 1857
2024-07-02 07:29:56,383 - DEBUG:urllib3.connectionpool - Starting new HTTPS connection (1): huggingface.co:443
2024-07-02 07:29:56,896 - DEBUG:urllib3.connectionpool - https://huggingface.co:443 "HEAD /Systran/faster-whisper-large-v2/resolve/f0fe81560cb8b68660e564f55dd99207059c092e/model.bin HTTP/11" 302 0
2024-07-02 07:29:56,899 - DEBUG:filelock - Attempting to acquire lock 281469756750000 on /root/.cache/huggingface/hub/.locks/models--Systran--faster-whisper-large-v2/bf2a9746382e1aa7ffff6b3a0d137ed9edbd9670c3b87e5d35f5e85e70d0333a.lock
2024-07-02 07:29:56,900 - DEBUG:filelock - Lock 281469756750000 acquired on /root/.cache/huggingface/hub/.locks/models--Systran--faster-whisper-large-v2/bf2a9746382e1aa7ffff6b3a0d137ed9edbd9670c3b87e5d35f5e85e70d0333a.lock
2024-07-02 07:29:56,903 - DEBUG:urllib3.connectionpool - Starting new HTTPS connection (1): cdn-lfs-us-1.huggingface.co:443
2024-07-02 07:29:57,134 - DEBUG:urllib3.connectionpool - https://cdn-lfs-us-1.huggingface.co:443 "GET /repos/a2/52/a25260eb7ee7f0c3efd5425bafeb3c6c4b746a73c46008250842298fff6d3f86/bf2a9746382e1aa7ffff6b3a0d137ed9edbd9670c3b87e5d35f5e85e70d0333a?response-content-disposition=inline%3B+filename*%3DUTF-8%27%27model.bin%3B+filename%3D%22model.bin%22%3B&response-content-type=application%2Foctet-stream&Expires=1720162916&Policy=eyJTdGF0ZW1lbnQiOlt7IkNvbmRpdGlvbiI6eyJEYXRlTGVzc1RoYW4iOnsiQVdTOkVwb2NoVGltZSI6MTcyMDE2MjkxNn19LCJSZXNvdXJjZSI6Imh0dHBzOi8vY2RuLWxmcy11cy0xLmh1Z2dpbmdmYWNlLmNvL3JlcG9zL2EyLzUyL2EyNTI2MGViN2VlN2YwYzNlZmQ1NDI1YmFmZWIzYzZjNGI3NDZhNzNjNDYwMDgyNTA4NDIyOThmZmY2ZDNmODYvYmYyYTk3NDYzODJlMWFhN2ZmZmY2YjNhMGQxMzdlZDllZGJkOTY3MGMzYjg3ZTVkMzVmNWU4NWU3MGQwMzMzYT9yZXNwb25zZS1jb250ZW50LWRpc3Bvc2l0aW9uPSomcmVzcG9uc2UtY29udGVudC10eXBlPSoifV19&Signature=UehNfexGEtog-xtTR9odLXqWA9-yeGp4c7ieMR7Zux9D-9mVsSfmzY0EmpFsHw~9s1WYnb8gZJhT91wtwTpXzfTJrd7sqYzVX8MKDRsFtG-dglvlDAqFPQHRgMY4SbSpw85L6sICiGcDopNdgzrpm3gJxRd1yyTeicPCgjjxfrZe5-KfDKnx99-pHGxJxszgBGCCRpYNuh3afuYr~WiMRbUrDj-eU91U7hXMpYoMgE1uYZ5KPDWN6y7ZBlkd~iqd8MkkIRe4Kx0H-fWHh50vqBOSGYDPnBWTHScEcDDi-de2obmqWte0igVtsWBYia6coU-MsAg1zLIKGYoAqtYmfg__&Key-Pair-Id=K24J24Z295AEI9 HTTP/11" 206 2384367042
2024-07-02 07:40:56,815 - DEBUG:filelock - Attempting to release lock 281469756750000 on /root/.cache/huggingface/hub/.locks/models--Systran--faster-whisper-large-v2/bf2a9746382e1aa7ffff6b3a0d137ed9edbd9670c3b87e5d35f5e85e70d0333a.lock
2024-07-02 07:40:56,816 - DEBUG:filelock - Lock 281469756750000 released on /root/.cache/huggingface/hub/.locks/models--Systran--faster-whisper-large-v2/bf2a9746382e1aa7ffff6b3a0d137ed9edbd9670c3b87e5d35f5e85e70d0333a.lock
2024-07-02 07:41:01,720 - DEBUG:root - >logging_cui=file:<_io.TextIOWrapper name='<stdout>' mode='w' encoding='utf-8'>, is_flush:True, is_print:True, is_log:True, is_output_file:False, sys.stdout:<_io.TextIOWrapper name='<stdout>' mode='w' encoding='utf-8'>, sys.stderr:<_io.TextIOWrapper name='<stderr>' mode='w' encoding='utf-8'>
2024-07-02 07:41:01,723 - INFO:root - [07:41:01.723][07:41:01(+00:11:05)]AIãƒ¢ãƒ‡ãƒ«ã®èª­ã¿è¾¼ã¿çµ‚äº†
2024-07-02 07:41:01,724 - DEBUG:root - >transcribe
2024-07-02 07:41:01,724 - DEBUG:root - >logging_cui=file:<_io.TextIOWrapper name='<stdout>' mode='w' encoding='utf-8'>, is_flush:True, is_print:False, is_log:True, is_output_file:False, sys.stdout:<_io.TextIOWrapper name='<stdout>' mode='w' encoding='utf-8'>, sys.stderr:<_io.TextIOWrapper name='<stderr>' mode='w' encoding='utf-8'>
2024-07-02 07:41:01,724 - INFO:root - [07:41:01.724]â‘ ç²¾åº¦ãƒ»å‡¦ç†æ™‚é–“ï¼ˆfaster-large-v2ã€‚æŒ‡å®šã—ãªã„ã¨ã€Œfaster-large-v2ã€ï¼‰:faster-large-v2
2024-07-02 07:41:01,725 - DEBUG:root - >logging_cui=file:<_io.TextIOWrapper name='<stdout>' mode='w' encoding='utf-8'>, is_flush:True, is_print:False, is_log:True, is_output_file:False, sys.stdout:<_io.TextIOWrapper name='<stdout>' mode='w' encoding='utf-8'>, sys.stderr:<_io.TextIOWrapper name='<stderr>' mode='w' encoding='utf-8'>
2024-07-02 07:41:01,725 - INFO:root - [07:41:01.725]â‘¡ãƒãƒ¼ãƒ‰ã‚¦ã‚§ã‚¢ï¼ˆcpu,cudaã€‚æŒ‡å®šã—ãªã„ã¨è‡ªå‹•æ¤œå‡ºï¼‰:cpu
2024-07-02 07:41:01,725 - DEBUG:root - >logging_cui=file:<_io.TextIOWrapper name='<stdout>' mode='w' encoding='utf-8'>, is_flush:True, is_print:False, is_log:True, is_output_file:False, sys.stdout:<_io.TextIOWrapper name='<stdout>' mode='w' encoding='utf-8'>, sys.stderr:<_io.TextIOWrapper name='<stderr>' mode='w' encoding='utf-8'>
2024-07-02 07:41:01,725 - INFO:root - [07:41:01.725]â‘¢è©³ç´°å‡ºåŠ›ï¼ˆTrue,Falseã€‚æŒ‡å®šã—ãªã„ã¨ã€ŒTrueã€ï¼‰:None
2024-07-02 07:41:01,725 - DEBUG:root - >logging_cui=file:<_io.TextIOWrapper name='<stdout>' mode='w' encoding='utf-8'>, is_flush:True, is_print:False, is_log:True, is_output_file:False, sys.stdout:<_io.TextIOWrapper name='<stdout>' mode='w' encoding='utf-8'>, sys.stderr:<_io.TextIOWrapper name='<stderr>' mode='w' encoding='utf-8'>
2024-07-02 07:41:01,725 - INFO:root - [07:41:01.725]â‘£éŸ³å£°ãƒ•ã‚¡ã‚¤ãƒ«ã®ãƒ‘ã‚¹ï¼ˆæŒ‡å®šã—ãªã„ã¨ã€Œsample.mp3ã€ï¼‰:/var/www/ai_server/input_audio_files/test_1.wav
2024-07-02 07:41:01,726 - DEBUG:root - >logging_cui=file:<_io.TextIOWrapper name='<stdout>' mode='w' encoding='utf-8'>, is_flush:True, is_print:False, is_log:True, is_output_file:False, sys.stdout:<_io.TextIOWrapper name='<stdout>' mode='w' encoding='utf-8'>, sys.stderr:<_io.TextIOWrapper name='<stderr>' mode='w' encoding='utf-8'>
2024-07-02 07:41:01,726 - INFO:root - [07:41:01.726]â‘¤å‡ºåŠ›ãƒ•ã‚¡ã‚¤ãƒ«ã®ãƒ‘ã‚¹ï¼ˆæŒ‡å®šã—ãªã„ã¨ã€ŒYYYY-MM-DD-hh-mm-ss.txtã€ï¼‰:None
2024-07-02 07:41:01,729 - DEBUG:root - >_transcribe_faster_whisperlib_model
2024-07-02 07:41:01,729 - DEBUG:root - >logging_cui=file:<_io.TextIOWrapper name='<stdout>' mode='w' encoding='utf-8'>, is_flush:True, is_print:True, is_log:True, is_output_file:False, sys.stdout:<_io.TextIOWrapper name='<stdout>' mode='w' encoding='utf-8'>, sys.stderr:<_io.TextIOWrapper name='<stderr>' mode='w' encoding='utf-8'>
2024-07-02 07:41:01,729 - INFO:root - [07:41:01.729][07:41:01(+00:00:00)]æ–‡å­—èµ·ã“ã—é–‹å§‹:/var/www/ai_server/input_audio_files/test_1.wav:faster-large-v2
2024-07-02 07:41:02,019 - INFO:faster_whisper - Processing audio with duration 00:02.987
2024-07-02 07:41:12,941 - INFO:faster_whisper - Detected language 'ja' with probability 0.95
2024-07-02 07:41:12,943 - DEBUG:faster_whisper - Processing segment at 00:00.000
2024-07-02 07:41:16,551 - DEBUG:root - >logging_cui=file:<_io.TextIOWrapper name='<stdout>' mode='w' encoding='utf-8'>, is_flush:True, is_print:True, is_log:True, is_output_file:False, sys.stdout:<_io.TextIOWrapper name='<stdout>' mode='w' encoding='utf-8'>, sys.stderr:<_io.TextIOWrapper name='<stderr>' mode='w' encoding='utf-8'>
2024-07-02 07:41:16,552 - INFO:root - [07:41:16.552][07:41:16(+00:00:14)]æ–‡å­—èµ·ã“ã—å®Œäº†
2024-07-02 07:41:16,552 - DEBUG:root - >logging_cui=file:<_io.TextIOWrapper name='<stdout>' mode='w' encoding='utf-8'>, is_flush:True, is_print:False, is_log:False, is_output_file:True, sys.stdout:<_io.TextIOWrapper name='<stdout>' mode='w' encoding='utf-8'>, sys.stderr:<_io.TextIOWrapper name='<stderr>' mode='w' encoding='utf-8'>
2024-07-02 07:41:16,552 - INFO:root - transcription: /var/www/ai_server/output_txt_files/test_1_2024-07-02-07-41-01.txt
2024-07-02 07:41:16,564 - INFO:werkzeug - 172.18.0.5 - - [02/Jul/2024 07:41:16] "POST /api/aibt/ai_server HTTP/1.1" 200 -
2024-07-02 07:41:54,810 - INFO:root - >ai_transcribe():
2024-07-02 07:41:54,815 - INFO:root - audio_file: <FileStorage: '/var/www/backend/input_audio_files/test_1.wav' ('audio/wav')>
2024-07-02 07:41:54,815 - INFO:root - audio_filename: /var/www/backend/input_audio_files/test_1.wav
2024-07-02 07:41:54,815 - INFO:root - destination_path: /var/www/ai_server/input_audio_files/test_1.wav
2024-07-02 07:41:54,825 - DEBUG:root - >cmd_transcribe
2024-07-02 07:41:54,825 - DEBUG:root - >logging_cui=file:<_io.TextIOWrapper name='<stdout>' mode='w' encoding='utf-8'>, is_flush:True, is_print:False, is_log:True, is_output_file:False, sys.stdout:<_io.TextIOWrapper name='<stdout>' mode='w' encoding='utf-8'>, sys.stderr:<_io.TextIOWrapper name='<stderr>' mode='w' encoding='utf-8'>
2024-07-02 07:41:54,826 - INFO:root - [07:41:54.825]model:faster-large-v2, device:cpu, in_filepath:/var/www/ai_server/input_audio_files/test_1.wav, out_filename:None, language:None, initial_prompt:None, verbose:None, dtime:None, list:None
2024-07-02 07:41:54,826 - DEBUG:root - >transcribe
2024-07-02 07:41:54,826 - DEBUG:root - >logging_cui=file:<_io.TextIOWrapper name='<stdout>' mode='w' encoding='utf-8'>, is_flush:True, is_print:False, is_log:True, is_output_file:False, sys.stdout:<_io.TextIOWrapper name='<stdout>' mode='w' encoding='utf-8'>, sys.stderr:<_io.TextIOWrapper name='<stderr>' mode='w' encoding='utf-8'>
2024-07-02 07:41:54,826 - INFO:root - [07:41:54.826]â‘ ç²¾åº¦ãƒ»å‡¦ç†æ™‚é–“ï¼ˆfaster-large-v2ã€‚æŒ‡å®šã—ãªã„ã¨ã€Œfaster-large-v2ã€ï¼‰:faster-large-v2
2024-07-02 07:41:54,826 - DEBUG:root - >logging_cui=file:<_io.TextIOWrapper name='<stdout>' mode='w' encoding='utf-8'>, is_flush:True, is_print:False, is_log:True, is_output_file:False, sys.stdout:<_io.TextIOWrapper name='<stdout>' mode='w' encoding='utf-8'>, sys.stderr:<_io.TextIOWrapper name='<stderr>' mode='w' encoding='utf-8'>
2024-07-02 07:41:54,826 - INFO:root - [07:41:54.826]â‘¡ãƒãƒ¼ãƒ‰ã‚¦ã‚§ã‚¢ï¼ˆcpu,cudaã€‚æŒ‡å®šã—ãªã„ã¨è‡ªå‹•æ¤œå‡ºï¼‰:cpu
2024-07-02 07:41:54,826 - DEBUG:root - >logging_cui=file:<_io.TextIOWrapper name='<stdout>' mode='w' encoding='utf-8'>, is_flush:True, is_print:False, is_log:True, is_output_file:False, sys.stdout:<_io.TextIOWrapper name='<stdout>' mode='w' encoding='utf-8'>, sys.stderr:<_io.TextIOWrapper name='<stderr>' mode='w' encoding='utf-8'>
2024-07-02 07:41:54,826 - INFO:root - [07:41:54.826]â‘¢è©³ç´°å‡ºåŠ›ï¼ˆTrue,Falseã€‚æŒ‡å®šã—ãªã„ã¨ã€ŒTrueã€ï¼‰:None
2024-07-02 07:41:54,826 - DEBUG:root - >logging_cui=file:<_io.TextIOWrapper name='<stdout>' mode='w' encoding='utf-8'>, is_flush:True, is_print:False, is_log:True, is_output_file:False, sys.stdout:<_io.TextIOWrapper name='<stdout>' mode='w' encoding='utf-8'>, sys.stderr:<_io.TextIOWrapper name='<stderr>' mode='w' encoding='utf-8'>
2024-07-02 07:41:54,826 - INFO:root - [07:41:54.826]â‘£éŸ³å£°ãƒ•ã‚¡ã‚¤ãƒ«ã®ãƒ‘ã‚¹ï¼ˆæŒ‡å®šã—ãªã„ã¨ã€Œsample.mp3ã€ï¼‰:/var/www/ai_server/input_audio_files/test_1.wav
2024-07-02 07:41:54,826 - DEBUG:root - >logging_cui=file:<_io.TextIOWrapper name='<stdout>' mode='w' encoding='utf-8'>, is_flush:True, is_print:False, is_log:True, is_output_file:False, sys.stdout:<_io.TextIOWrapper name='<stdout>' mode='w' encoding='utf-8'>, sys.stderr:<_io.TextIOWrapper name='<stderr>' mode='w' encoding='utf-8'>
2024-07-02 07:41:54,826 - INFO:root - [07:41:54.826]â‘¤å‡ºåŠ›ãƒ•ã‚¡ã‚¤ãƒ«ã®ãƒ‘ã‚¹ï¼ˆæŒ‡å®šã—ãªã„ã¨ã€ŒYYYY-MM-DD-hh-mm-ss.txtã€ï¼‰:None
2024-07-02 07:41:54,828 - DEBUG:root - >_transcribe_faster_whisperlib_model
2024-07-02 07:41:54,828 - DEBUG:root - >logging_cui=file:<_io.TextIOWrapper name='<stdout>' mode='w' encoding='utf-8'>, is_flush:True, is_print:True, is_log:True, is_output_file:False, sys.stdout:<_io.TextIOWrapper name='<stdout>' mode='w' encoding='utf-8'>, sys.stderr:<_io.TextIOWrapper name='<stderr>' mode='w' encoding='utf-8'>
2024-07-02 07:41:54,828 - INFO:root - [07:41:54.828][07:41:54(+00:00:38)]æ–‡å­—èµ·ã“ã—é–‹å§‹:/var/www/ai_server/input_audio_files/test_1.wav:faster-large-v2
2024-07-02 07:41:54,969 - INFO:faster_whisper - Processing audio with duration 00:02.987
2024-07-02 07:42:11,975 - INFO:werkzeug - [31m[1mWARNING: This is a development server. Do not use it in a production deployment. Use a production WSGI server instead.[0m
 * Running on all addresses (0.0.0.0)
 * Running on http://127.0.0.1:8000
 * Running on http://172.18.0.4:8000
2024-07-02 07:42:11,975 - INFO:werkzeug - [33mPress CTRL+C to quit[0m
2024-07-02 07:42:17,820 - INFO:root - >ai_transcribe():
2024-07-02 07:42:17,822 - INFO:root - audio_file: <FileStorage: '/var/www/backend/input_audio_files/test_1.wav' ('audio/wav')>
2024-07-02 07:42:17,822 - INFO:root - audio_filename: /var/www/backend/input_audio_files/test_1.wav
2024-07-02 07:42:17,822 - INFO:root - destination_path: /var/www/ai_server/input_audio_files/test_1.wav
2024-07-02 07:42:17,833 - DEBUG:root - >cmd_transcribe
2024-07-02 07:42:17,833 - DEBUG:root - >logging_cui=file:<_io.TextIOWrapper name='<stdout>' mode='w' encoding='utf-8'>, is_flush:True, is_print:False, is_log:True, is_output_file:False, sys.stdout:<_io.TextIOWrapper name='<stdout>' mode='w' encoding='utf-8'>, sys.stderr:<_io.TextIOWrapper name='<stderr>' mode='w' encoding='utf-8'>
2024-07-02 07:42:17,833 - INFO:root - [07:42:17.833]model:faster-large-v2, device:cpu, in_filepath:/var/www/ai_server/input_audio_files/test_1.wav, out_filename:None, language:None, initial_prompt:None, verbose:None, dtime:None, list:None
2024-07-02 07:42:17,833 - DEBUG:root - >_load_faster_whisperlib_model
2024-07-02 07:42:17,881 - DEBUG:urllib3.connectionpool - Starting new HTTPS connection (1): huggingface.co:443
2024-07-02 07:42:18,125 - DEBUG:urllib3.connectionpool - https://huggingface.co:443 "GET /api/models/Systran/faster-whisper-large-v2/revision/main HTTP/11" 200 1857
2024-07-02 07:42:23,774 - DEBUG:root - >logging_cui=file:<_io.TextIOWrapper name='<stdout>' mode='w' encoding='utf-8'>, is_flush:True, is_print:True, is_log:True, is_output_file:False, sys.stdout:<_io.TextIOWrapper name='<stdout>' mode='w' encoding='utf-8'>, sys.stderr:<_io.TextIOWrapper name='<stderr>' mode='w' encoding='utf-8'>
2024-07-02 07:42:23,775 - INFO:root - [07:42:23.775][07:42:23(+00:00:05)]AIãƒ¢ãƒ‡ãƒ«ã®èª­ã¿è¾¼ã¿çµ‚äº†
2024-07-02 07:42:23,775 - DEBUG:root - >transcribe
2024-07-02 07:42:23,775 - DEBUG:root - >logging_cui=file:<_io.TextIOWrapper name='<stdout>' mode='w' encoding='utf-8'>, is_flush:True, is_print:False, is_log:True, is_output_file:False, sys.stdout:<_io.TextIOWrapper name='<stdout>' mode='w' encoding='utf-8'>, sys.stderr:<_io.TextIOWrapper name='<stderr>' mode='w' encoding='utf-8'>
2024-07-02 07:42:23,775 - INFO:root - [07:42:23.775]â‘ ç²¾åº¦ãƒ»å‡¦ç†æ™‚é–“ï¼ˆfaster-large-v2ã€‚æŒ‡å®šã—ãªã„ã¨ã€Œfaster-large-v2ã€ï¼‰:faster-large-v2
2024-07-02 07:42:23,776 - DEBUG:root - >logging_cui=file:<_io.TextIOWrapper name='<stdout>' mode='w' encoding='utf-8'>, is_flush:True, is_print:False, is_log:True, is_output_file:False, sys.stdout:<_io.TextIOWrapper name='<stdout>' mode='w' encoding='utf-8'>, sys.stderr:<_io.TextIOWrapper name='<stderr>' mode='w' encoding='utf-8'>
2024-07-02 07:42:23,776 - INFO:root - [07:42:23.776]â‘¡ãƒãƒ¼ãƒ‰ã‚¦ã‚§ã‚¢ï¼ˆcpu,cudaã€‚æŒ‡å®šã—ãªã„ã¨è‡ªå‹•æ¤œå‡ºï¼‰:cpu
2024-07-02 07:42:23,776 - DEBUG:root - >logging_cui=file:<_io.TextIOWrapper name='<stdout>' mode='w' encoding='utf-8'>, is_flush:True, is_print:False, is_log:True, is_output_file:False, sys.stdout:<_io.TextIOWrapper name='<stdout>' mode='w' encoding='utf-8'>, sys.stderr:<_io.TextIOWrapper name='<stderr>' mode='w' encoding='utf-8'>
2024-07-02 07:42:23,776 - INFO:root - [07:42:23.776]â‘¢è©³ç´°å‡ºåŠ›ï¼ˆTrue,Falseã€‚æŒ‡å®šã—ãªã„ã¨ã€ŒTrueã€ï¼‰:None
2024-07-02 07:42:23,776 - DEBUG:root - >logging_cui=file:<_io.TextIOWrapper name='<stdout>' mode='w' encoding='utf-8'>, is_flush:True, is_print:False, is_log:True, is_output_file:False, sys.stdout:<_io.TextIOWrapper name='<stdout>' mode='w' encoding='utf-8'>, sys.stderr:<_io.TextIOWrapper name='<stderr>' mode='w' encoding='utf-8'>
2024-07-02 07:42:23,776 - INFO:root - [07:42:23.776]â‘£éŸ³å£°ãƒ•ã‚¡ã‚¤ãƒ«ã®ãƒ‘ã‚¹ï¼ˆæŒ‡å®šã—ãªã„ã¨ã€Œsample.mp3ã€ï¼‰:/var/www/ai_server/input_audio_files/test_1.wav
2024-07-02 07:42:23,776 - DEBUG:root - >logging_cui=file:<_io.TextIOWrapper name='<stdout>' mode='w' encoding='utf-8'>, is_flush:True, is_print:False, is_log:True, is_output_file:False, sys.stdout:<_io.TextIOWrapper name='<stdout>' mode='w' encoding='utf-8'>, sys.stderr:<_io.TextIOWrapper name='<stderr>' mode='w' encoding='utf-8'>
2024-07-02 07:42:23,776 - INFO:root - [07:42:23.776]â‘¤å‡ºåŠ›ãƒ•ã‚¡ã‚¤ãƒ«ã®ãƒ‘ã‚¹ï¼ˆæŒ‡å®šã—ãªã„ã¨ã€ŒYYYY-MM-DD-hh-mm-ss.txtã€ï¼‰:None
2024-07-02 07:42:23,778 - DEBUG:root - >_transcribe_faster_whisperlib_model
2024-07-02 07:42:23,778 - DEBUG:root - >logging_cui=file:<_io.TextIOWrapper name='<stdout>' mode='w' encoding='utf-8'>, is_flush:True, is_print:True, is_log:True, is_output_file:False, sys.stdout:<_io.TextIOWrapper name='<stdout>' mode='w' encoding='utf-8'>, sys.stderr:<_io.TextIOWrapper name='<stderr>' mode='w' encoding='utf-8'>
2024-07-02 07:42:23,778 - INFO:root - [07:42:23.778][07:42:23(+00:00:00)]æ–‡å­—èµ·ã“ã—é–‹å§‹:/var/www/ai_server/input_audio_files/test_1.wav:faster-large-v2
2024-07-02 07:42:23,841 - INFO:faster_whisper - Processing audio with duration 00:02.987
2024-07-02 07:42:32,524 - INFO:faster_whisper - Detected language 'ja' with probability 0.95
2024-07-02 07:42:32,525 - DEBUG:faster_whisper - Processing segment at 00:00.000
2024-07-02 07:42:35,938 - DEBUG:root - >logging_cui=file:<_io.TextIOWrapper name='<stdout>' mode='w' encoding='utf-8'>, is_flush:True, is_print:True, is_log:True, is_output_file:False, sys.stdout:<_io.TextIOWrapper name='<stdout>' mode='w' encoding='utf-8'>, sys.stderr:<_io.TextIOWrapper name='<stderr>' mode='w' encoding='utf-8'>
2024-07-02 07:42:35,938 - INFO:root - [07:42:35.938][07:42:35(+00:00:12)]æ–‡å­—èµ·ã“ã—å®Œäº†
2024-07-02 07:42:35,938 - DEBUG:root - >logging_cui=file:<_io.TextIOWrapper name='<stdout>' mode='w' encoding='utf-8'>, is_flush:True, is_print:False, is_log:False, is_output_file:True, sys.stdout:<_io.TextIOWrapper name='<stdout>' mode='w' encoding='utf-8'>, sys.stderr:<_io.TextIOWrapper name='<stderr>' mode='w' encoding='utf-8'>
2024-07-02 07:42:35,939 - INFO:root - transcription: /var/www/ai_server/output_txt_files/test_1_2024-07-02-07-42-23.txt
2024-07-02 07:42:35,944 - INFO:werkzeug - 172.18.0.5 - - [02/Jul/2024 07:42:35] "POST /api/aibt/ai_server HTTP/1.1" 200 -
2024-07-02 07:47:29,416 - INFO:root - >ai_transcribe():
2024-07-02 07:47:29,421 - INFO:root - audio_file: <FileStorage: '/var/www/backend/input_audio_files/test_1.wav' ('audio/wav')>
2024-07-02 07:47:29,422 - INFO:root - audio_filename: /var/www/backend/input_audio_files/test_1.wav
2024-07-02 07:47:29,422 - INFO:root - destination_path: /var/www/ai_server/input_audio_files/test_1.wav
2024-07-02 07:47:29,432 - DEBUG:root - >cmd_transcribe
2024-07-02 07:47:29,433 - DEBUG:root - >logging_cui=file:<_io.TextIOWrapper name='<stdout>' mode='w' encoding='utf-8'>, is_flush:True, is_print:False, is_log:True, is_output_file:False, sys.stdout:<_io.TextIOWrapper name='<stdout>' mode='w' encoding='utf-8'>, sys.stderr:<_io.TextIOWrapper name='<stderr>' mode='w' encoding='utf-8'>
2024-07-02 07:47:29,433 - INFO:root - [07:47:29.433]model:faster-large-v2, device:cpu, in_filepath:/var/www/ai_server/input_audio_files/test_1.wav, out_filename:None, language:None, initial_prompt:None, verbose:None, dtime:None, list:None
2024-07-02 07:47:29,433 - DEBUG:root - >transcribe
2024-07-02 07:47:29,433 - DEBUG:root - >logging_cui=file:<_io.TextIOWrapper name='<stdout>' mode='w' encoding='utf-8'>, is_flush:True, is_print:False, is_log:True, is_output_file:False, sys.stdout:<_io.TextIOWrapper name='<stdout>' mode='w' encoding='utf-8'>, sys.stderr:<_io.TextIOWrapper name='<stderr>' mode='w' encoding='utf-8'>
2024-07-02 07:47:29,433 - INFO:root - [07:47:29.433]â‘ ç²¾åº¦ãƒ»å‡¦ç†æ™‚é–“ï¼ˆfaster-large-v2ã€‚æŒ‡å®šã—ãªã„ã¨ã€Œfaster-large-v2ã€ï¼‰:faster-large-v2
2024-07-02 07:47:29,433 - DEBUG:root - >logging_cui=file:<_io.TextIOWrapper name='<stdout>' mode='w' encoding='utf-8'>, is_flush:True, is_print:False, is_log:True, is_output_file:False, sys.stdout:<_io.TextIOWrapper name='<stdout>' mode='w' encoding='utf-8'>, sys.stderr:<_io.TextIOWrapper name='<stderr>' mode='w' encoding='utf-8'>
2024-07-02 07:47:29,433 - INFO:root - [07:47:29.433]â‘¡ãƒãƒ¼ãƒ‰ã‚¦ã‚§ã‚¢ï¼ˆcpu,cudaã€‚æŒ‡å®šã—ãªã„ã¨è‡ªå‹•æ¤œå‡ºï¼‰:cpu
2024-07-02 07:47:29,433 - DEBUG:root - >logging_cui=file:<_io.TextIOWrapper name='<stdout>' mode='w' encoding='utf-8'>, is_flush:True, is_print:False, is_log:True, is_output_file:False, sys.stdout:<_io.TextIOWrapper name='<stdout>' mode='w' encoding='utf-8'>, sys.stderr:<_io.TextIOWrapper name='<stderr>' mode='w' encoding='utf-8'>
2024-07-02 07:47:29,433 - INFO:root - [07:47:29.433]â‘¢è©³ç´°å‡ºåŠ›ï¼ˆTrue,Falseã€‚æŒ‡å®šã—ãªã„ã¨ã€ŒTrueã€ï¼‰:None
2024-07-02 07:47:29,433 - DEBUG:root - >logging_cui=file:<_io.TextIOWrapper name='<stdout>' mode='w' encoding='utf-8'>, is_flush:True, is_print:False, is_log:True, is_output_file:False, sys.stdout:<_io.TextIOWrapper name='<stdout>' mode='w' encoding='utf-8'>, sys.stderr:<_io.TextIOWrapper name='<stderr>' mode='w' encoding='utf-8'>
2024-07-02 07:47:29,433 - INFO:root - [07:47:29.433]â‘£éŸ³å£°ãƒ•ã‚¡ã‚¤ãƒ«ã®ãƒ‘ã‚¹ï¼ˆæŒ‡å®šã—ãªã„ã¨ã€Œsample.mp3ã€ï¼‰:/var/www/ai_server/input_audio_files/test_1.wav
2024-07-02 07:47:29,433 - DEBUG:root - >logging_cui=file:<_io.TextIOWrapper name='<stdout>' mode='w' encoding='utf-8'>, is_flush:True, is_print:False, is_log:True, is_output_file:False, sys.stdout:<_io.TextIOWrapper name='<stdout>' mode='w' encoding='utf-8'>, sys.stderr:<_io.TextIOWrapper name='<stderr>' mode='w' encoding='utf-8'>
2024-07-02 07:47:29,433 - INFO:root - [07:47:29.433]â‘¤å‡ºåŠ›ãƒ•ã‚¡ã‚¤ãƒ«ã®ãƒ‘ã‚¹ï¼ˆæŒ‡å®šã—ãªã„ã¨ã€ŒYYYY-MM-DD-hh-mm-ss.txtã€ï¼‰:None
2024-07-02 07:47:29,435 - DEBUG:root - >_transcribe_faster_whisperlib_model
2024-07-02 07:47:29,435 - DEBUG:root - >logging_cui=file:<_io.TextIOWrapper name='<stdout>' mode='w' encoding='utf-8'>, is_flush:True, is_print:True, is_log:True, is_output_file:False, sys.stdout:<_io.TextIOWrapper name='<stdout>' mode='w' encoding='utf-8'>, sys.stderr:<_io.TextIOWrapper name='<stderr>' mode='w' encoding='utf-8'>
2024-07-02 07:47:29,435 - INFO:root - [07:47:29.435][07:47:29(+00:04:53)]æ–‡å­—èµ·ã“ã—é–‹å§‹:/var/www/ai_server/input_audio_files/test_1.wav:faster-large-v2
2024-07-02 07:47:29,503 - INFO:faster_whisper - Processing audio with duration 00:02.987
2024-07-02 07:47:38,375 - INFO:faster_whisper - Detected language 'ja' with probability 0.95
2024-07-02 07:47:38,377 - DEBUG:faster_whisper - Processing segment at 00:00.000
2024-07-02 07:47:41,732 - DEBUG:root - >logging_cui=file:<_io.TextIOWrapper name='<stdout>' mode='w' encoding='utf-8'>, is_flush:True, is_print:True, is_log:True, is_output_file:False, sys.stdout:<_io.TextIOWrapper name='<stdout>' mode='w' encoding='utf-8'>, sys.stderr:<_io.TextIOWrapper name='<stderr>' mode='w' encoding='utf-8'>
2024-07-02 07:47:41,732 - INFO:root - [07:47:41.732][07:47:41(+00:00:12)]æ–‡å­—èµ·ã“ã—å®Œäº†
2024-07-02 07:47:41,732 - DEBUG:root - >logging_cui=file:<_io.TextIOWrapper name='<stdout>' mode='w' encoding='utf-8'>, is_flush:True, is_print:False, is_log:False, is_output_file:True, sys.stdout:<_io.TextIOWrapper name='<stdout>' mode='w' encoding='utf-8'>, sys.stderr:<_io.TextIOWrapper name='<stderr>' mode='w' encoding='utf-8'>
2024-07-02 07:47:41,733 - INFO:root - transcription: /var/www/ai_server/output_txt_files/test_1_2024-07-02-07-47-29.txt
2024-07-02 07:47:41,735 - INFO:werkzeug - 172.18.0.5 - - [02/Jul/2024 07:47:41] "POST /api/aibt/ai_server HTTP/1.1" 200 -
2024-07-02 07:51:01,728 - INFO:root - >ai_transcribe():
2024-07-02 07:51:01,732 - INFO:root - audio_file: <FileStorage: '/var/www/backend/input_audio_files/test_1.wav' ('audio/wav')>
2024-07-02 07:51:01,732 - INFO:root - audio_filename: /var/www/backend/input_audio_files/test_1.wav
2024-07-02 07:51:01,732 - INFO:root - destination_path: /var/www/ai_server/input_audio_files/test_1.wav
2024-07-02 07:51:01,743 - DEBUG:root - >cmd_transcribe
2024-07-02 07:51:01,743 - DEBUG:root - >logging_cui=file:<_io.TextIOWrapper name='<stdout>' mode='w' encoding='utf-8'>, is_flush:True, is_print:False, is_log:True, is_output_file:False, sys.stdout:<_io.TextIOWrapper name='<stdout>' mode='w' encoding='utf-8'>, sys.stderr:<_io.TextIOWrapper name='<stderr>' mode='w' encoding='utf-8'>
2024-07-02 07:51:01,743 - INFO:root - [07:51:01.743]model:faster-large-v2, device:cpu, in_filepath:/var/www/ai_server/input_audio_files/test_1.wav, out_filename:None, language:None, initial_prompt:None, verbose:None, dtime:None, list:None
2024-07-02 07:51:01,743 - DEBUG:root - >transcribe
2024-07-02 07:51:01,743 - DEBUG:root - >logging_cui=file:<_io.TextIOWrapper name='<stdout>' mode='w' encoding='utf-8'>, is_flush:True, is_print:False, is_log:True, is_output_file:False, sys.stdout:<_io.TextIOWrapper name='<stdout>' mode='w' encoding='utf-8'>, sys.stderr:<_io.TextIOWrapper name='<stderr>' mode='w' encoding='utf-8'>
2024-07-02 07:51:01,743 - INFO:root - [07:51:01.743]â‘ ç²¾åº¦ãƒ»å‡¦ç†æ™‚é–“ï¼ˆfaster-large-v2ã€‚æŒ‡å®šã—ãªã„ã¨ã€Œfaster-large-v2ã€ï¼‰:faster-large-v2
2024-07-02 07:51:01,743 - DEBUG:root - >logging_cui=file:<_io.TextIOWrapper name='<stdout>' mode='w' encoding='utf-8'>, is_flush:True, is_print:False, is_log:True, is_output_file:False, sys.stdout:<_io.TextIOWrapper name='<stdout>' mode='w' encoding='utf-8'>, sys.stderr:<_io.TextIOWrapper name='<stderr>' mode='w' encoding='utf-8'>
2024-07-02 07:51:01,743 - INFO:root - [07:51:01.743]â‘¡ãƒãƒ¼ãƒ‰ã‚¦ã‚§ã‚¢ï¼ˆcpu,cudaã€‚æŒ‡å®šã—ãªã„ã¨è‡ªå‹•æ¤œå‡ºï¼‰:cpu
2024-07-02 07:51:01,744 - DEBUG:root - >logging_cui=file:<_io.TextIOWrapper name='<stdout>' mode='w' encoding='utf-8'>, is_flush:True, is_print:False, is_log:True, is_output_file:False, sys.stdout:<_io.TextIOWrapper name='<stdout>' mode='w' encoding='utf-8'>, sys.stderr:<_io.TextIOWrapper name='<stderr>' mode='w' encoding='utf-8'>
2024-07-02 07:51:01,744 - INFO:root - [07:51:01.744]â‘¢è©³ç´°å‡ºåŠ›ï¼ˆTrue,Falseã€‚æŒ‡å®šã—ãªã„ã¨ã€ŒTrueã€ï¼‰:None
2024-07-02 07:51:01,744 - DEBUG:root - >logging_cui=file:<_io.TextIOWrapper name='<stdout>' mode='w' encoding='utf-8'>, is_flush:True, is_print:False, is_log:True, is_output_file:False, sys.stdout:<_io.TextIOWrapper name='<stdout>' mode='w' encoding='utf-8'>, sys.stderr:<_io.TextIOWrapper name='<stderr>' mode='w' encoding='utf-8'>
2024-07-02 07:51:01,744 - INFO:root - [07:51:01.744]â‘£éŸ³å£°ãƒ•ã‚¡ã‚¤ãƒ«ã®ãƒ‘ã‚¹ï¼ˆæŒ‡å®šã—ãªã„ã¨ã€Œsample.mp3ã€ï¼‰:/var/www/ai_server/input_audio_files/test_1.wav
2024-07-02 07:51:01,744 - DEBUG:root - >logging_cui=file:<_io.TextIOWrapper name='<stdout>' mode='w' encoding='utf-8'>, is_flush:True, is_print:False, is_log:True, is_output_file:False, sys.stdout:<_io.TextIOWrapper name='<stdout>' mode='w' encoding='utf-8'>, sys.stderr:<_io.TextIOWrapper name='<stderr>' mode='w' encoding='utf-8'>
2024-07-02 07:51:01,744 - INFO:root - [07:51:01.744]â‘¤å‡ºåŠ›ãƒ•ã‚¡ã‚¤ãƒ«ã®ãƒ‘ã‚¹ï¼ˆæŒ‡å®šã—ãªã„ã¨ã€ŒYYYY-MM-DD-hh-mm-ss.txtã€ï¼‰:None
2024-07-02 07:51:01,745 - DEBUG:root - >_transcribe_faster_whisperlib_model
2024-07-02 07:51:01,745 - DEBUG:root - >logging_cui=file:<_io.TextIOWrapper name='<stdout>' mode='w' encoding='utf-8'>, is_flush:True, is_print:True, is_log:True, is_output_file:False, sys.stdout:<_io.TextIOWrapper name='<stdout>' mode='w' encoding='utf-8'>, sys.stderr:<_io.TextIOWrapper name='<stderr>' mode='w' encoding='utf-8'>
2024-07-02 07:51:01,745 - INFO:root - [07:51:01.745][07:51:01(+00:03:20)]æ–‡å­—èµ·ã“ã—é–‹å§‹:/var/www/ai_server/input_audio_files/test_1.wav:faster-large-v2
2024-07-02 07:51:01,865 - INFO:faster_whisper - Processing audio with duration 00:02.987
2024-07-02 07:51:10,869 - INFO:faster_whisper - Detected language 'ja' with probability 0.95
2024-07-02 07:51:10,870 - DEBUG:faster_whisper - Processing segment at 00:00.000
2024-07-02 07:51:14,335 - DEBUG:root - >logging_cui=file:<_io.TextIOWrapper name='<stdout>' mode='w' encoding='utf-8'>, is_flush:True, is_print:True, is_log:True, is_output_file:False, sys.stdout:<_io.TextIOWrapper name='<stdout>' mode='w' encoding='utf-8'>, sys.stderr:<_io.TextIOWrapper name='<stderr>' mode='w' encoding='utf-8'>
2024-07-02 07:51:14,336 - INFO:root - [07:51:14.336][07:51:14(+00:00:12)]æ–‡å­—èµ·ã“ã—å®Œäº†
2024-07-02 07:51:14,336 - DEBUG:root - >logging_cui=file:<_io.TextIOWrapper name='<stdout>' mode='w' encoding='utf-8'>, is_flush:True, is_print:False, is_log:False, is_output_file:True, sys.stdout:<_io.TextIOWrapper name='<stdout>' mode='w' encoding='utf-8'>, sys.stderr:<_io.TextIOWrapper name='<stderr>' mode='w' encoding='utf-8'>
2024-07-02 07:51:14,337 - INFO:root - transcription: /var/www/ai_server/output_txt_files/test_1_2024-07-02-07-51-01.txt
2024-07-02 07:51:14,339 - INFO:werkzeug - 172.18.0.5 - - [02/Jul/2024 07:51:14] "POST /api/aibt/ai_server HTTP/1.1" 200 -
2024-07-02 07:53:52,888 - INFO:root - >ai_transcribe():
2024-07-02 07:53:52,892 - INFO:root - audio_file: <FileStorage: '/var/www/backend/input_audio_files/test_1.wav' ('audio/wav')>
2024-07-02 07:53:52,892 - INFO:root - audio_filename: /var/www/backend/input_audio_files/test_1.wav
2024-07-02 07:53:52,892 - INFO:root - destination_path: /var/www/ai_server/input_audio_files/test_1.wav
2024-07-02 07:53:52,903 - DEBUG:root - >cmd_transcribe
2024-07-02 07:53:52,903 - DEBUG:root - >logging_cui=file:<_io.TextIOWrapper name='<stdout>' mode='w' encoding='utf-8'>, is_flush:True, is_print:False, is_log:True, is_output_file:False, sys.stdout:<_io.TextIOWrapper name='<stdout>' mode='w' encoding='utf-8'>, sys.stderr:<_io.TextIOWrapper name='<stderr>' mode='w' encoding='utf-8'>
2024-07-02 07:53:52,903 - INFO:root - [07:53:52.903]model:faster-large-v2, device:cpu, in_filepath:/var/www/ai_server/input_audio_files/test_1.wav, out_filename:None, language:None, initial_prompt:None, verbose:None, dtime:None, list:None
2024-07-02 07:53:52,903 - DEBUG:root - >transcribe
2024-07-02 07:53:52,903 - DEBUG:root - >logging_cui=file:<_io.TextIOWrapper name='<stdout>' mode='w' encoding='utf-8'>, is_flush:True, is_print:False, is_log:True, is_output_file:False, sys.stdout:<_io.TextIOWrapper name='<stdout>' mode='w' encoding='utf-8'>, sys.stderr:<_io.TextIOWrapper name='<stderr>' mode='w' encoding='utf-8'>
2024-07-02 07:53:52,903 - INFO:root - [07:53:52.903]â‘ ç²¾åº¦ãƒ»å‡¦ç†æ™‚é–“ï¼ˆfaster-large-v2ã€‚æŒ‡å®šã—ãªã„ã¨ã€Œfaster-large-v2ã€ï¼‰:faster-large-v2
2024-07-02 07:53:52,903 - DEBUG:root - >logging_cui=file:<_io.TextIOWrapper name='<stdout>' mode='w' encoding='utf-8'>, is_flush:True, is_print:False, is_log:True, is_output_file:False, sys.stdout:<_io.TextIOWrapper name='<stdout>' mode='w' encoding='utf-8'>, sys.stderr:<_io.TextIOWrapper name='<stderr>' mode='w' encoding='utf-8'>
2024-07-02 07:53:52,903 - INFO:root - [07:53:52.903]â‘¡ãƒãƒ¼ãƒ‰ã‚¦ã‚§ã‚¢ï¼ˆcpu,cudaã€‚æŒ‡å®šã—ãªã„ã¨è‡ªå‹•æ¤œå‡ºï¼‰:cpu
2024-07-02 07:53:52,903 - DEBUG:root - >logging_cui=file:<_io.TextIOWrapper name='<stdout>' mode='w' encoding='utf-8'>, is_flush:True, is_print:False, is_log:True, is_output_file:False, sys.stdout:<_io.TextIOWrapper name='<stdout>' mode='w' encoding='utf-8'>, sys.stderr:<_io.TextIOWrapper name='<stderr>' mode='w' encoding='utf-8'>
2024-07-02 07:53:52,904 - INFO:root - [07:53:52.904]â‘¢è©³ç´°å‡ºåŠ›ï¼ˆTrue,Falseã€‚æŒ‡å®šã—ãªã„ã¨ã€ŒTrueã€ï¼‰:None
2024-07-02 07:53:52,904 - DEBUG:root - >logging_cui=file:<_io.TextIOWrapper name='<stdout>' mode='w' encoding='utf-8'>, is_flush:True, is_print:False, is_log:True, is_output_file:False, sys.stdout:<_io.TextIOWrapper name='<stdout>' mode='w' encoding='utf-8'>, sys.stderr:<_io.TextIOWrapper name='<stderr>' mode='w' encoding='utf-8'>
2024-07-02 07:53:52,904 - INFO:root - [07:53:52.904]â‘£éŸ³å£°ãƒ•ã‚¡ã‚¤ãƒ«ã®ãƒ‘ã‚¹ï¼ˆæŒ‡å®šã—ãªã„ã¨ã€Œsample.mp3ã€ï¼‰:/var/www/ai_server/input_audio_files/test_1.wav
2024-07-02 07:53:52,904 - DEBUG:root - >logging_cui=file:<_io.TextIOWrapper name='<stdout>' mode='w' encoding='utf-8'>, is_flush:True, is_print:False, is_log:True, is_output_file:False, sys.stdout:<_io.TextIOWrapper name='<stdout>' mode='w' encoding='utf-8'>, sys.stderr:<_io.TextIOWrapper name='<stderr>' mode='w' encoding='utf-8'>
2024-07-02 07:53:52,904 - INFO:root - [07:53:52.904]â‘¤å‡ºåŠ›ãƒ•ã‚¡ã‚¤ãƒ«ã®ãƒ‘ã‚¹ï¼ˆæŒ‡å®šã—ãªã„ã¨ã€ŒYYYY-MM-DD-hh-mm-ss.txtã€ï¼‰:None
2024-07-02 07:53:52,905 - DEBUG:root - >_transcribe_faster_whisperlib_model
2024-07-02 07:53:52,905 - DEBUG:root - >logging_cui=file:<_io.TextIOWrapper name='<stdout>' mode='w' encoding='utf-8'>, is_flush:True, is_print:True, is_log:True, is_output_file:False, sys.stdout:<_io.TextIOWrapper name='<stdout>' mode='w' encoding='utf-8'>, sys.stderr:<_io.TextIOWrapper name='<stderr>' mode='w' encoding='utf-8'>
2024-07-02 07:53:52,905 - INFO:root - [07:53:52.905][07:53:52(+00:02:38)]æ–‡å­—èµ·ã“ã—é–‹å§‹:/var/www/ai_server/input_audio_files/test_1.wav:faster-large-v2
2024-07-02 07:53:52,980 - INFO:faster_whisper - Processing audio with duration 00:02.987
2024-07-02 07:54:02,020 - INFO:faster_whisper - Detected language 'ja' with probability 0.95
2024-07-02 07:54:02,021 - DEBUG:faster_whisper - Processing segment at 00:00.000
2024-07-02 07:54:05,422 - DEBUG:root - >logging_cui=file:<_io.TextIOWrapper name='<stdout>' mode='w' encoding='utf-8'>, is_flush:True, is_print:True, is_log:True, is_output_file:False, sys.stdout:<_io.TextIOWrapper name='<stdout>' mode='w' encoding='utf-8'>, sys.stderr:<_io.TextIOWrapper name='<stderr>' mode='w' encoding='utf-8'>
2024-07-02 07:54:05,423 - INFO:root - [07:54:05.422][07:54:05(+00:00:12)]æ–‡å­—èµ·ã“ã—å®Œäº†
2024-07-02 07:54:05,423 - DEBUG:root - >logging_cui=file:<_io.TextIOWrapper name='<stdout>' mode='w' encoding='utf-8'>, is_flush:True, is_print:False, is_log:False, is_output_file:True, sys.stdout:<_io.TextIOWrapper name='<stdout>' mode='w' encoding='utf-8'>, sys.stderr:<_io.TextIOWrapper name='<stderr>' mode='w' encoding='utf-8'>
2024-07-02 07:54:05,423 - INFO:root - transcription: /var/www/ai_server/output_txt_files/test_1_2024-07-02-07-53-52.txt
2024-07-02 07:54:05,426 - INFO:werkzeug - 172.18.0.5 - - [02/Jul/2024 07:54:05] "POST /api/aibt/ai_server HTTP/1.1" 200 -
2024-07-03 03:39:38,013 - INFO:root - >ai_transcribe():
2024-07-03 03:39:38,019 - INFO:root - audio_file: <FileStorage: '/var/www/backend/input_audio_files/test_1.wav' ('audio/wav')>
2024-07-03 03:39:38,019 - INFO:root - audio_filename: /var/www/backend/input_audio_files/test_1.wav
2024-07-03 03:39:38,019 - INFO:root - destination_path: /var/www/ai_server/input_audio_files/test_1.wav
2024-07-03 03:39:38,030 - DEBUG:root - >cmd_transcribe
2024-07-03 03:39:38,031 - DEBUG:root - >logging_cui=file:<_io.TextIOWrapper name='<stdout>' mode='w' encoding='utf-8'>, is_flush:True, is_print:False, is_log:True, is_output_file:False, sys.stdout:<_io.TextIOWrapper name='<stdout>' mode='w' encoding='utf-8'>, sys.stderr:<_io.TextIOWrapper name='<stderr>' mode='w' encoding='utf-8'>
2024-07-03 03:39:38,031 - INFO:root - [03:39:38.031]model:faster-large-v2, device:cpu, in_filepath:/var/www/ai_server/input_audio_files/test_1.wav, out_filename:None, language:None, initial_prompt:None, verbose:None, dtime:None, list:None
2024-07-03 03:39:38,031 - DEBUG:root - >transcribe
2024-07-03 03:39:38,031 - DEBUG:root - >logging_cui=file:<_io.TextIOWrapper name='<stdout>' mode='w' encoding='utf-8'>, is_flush:True, is_print:False, is_log:True, is_output_file:False, sys.stdout:<_io.TextIOWrapper name='<stdout>' mode='w' encoding='utf-8'>, sys.stderr:<_io.TextIOWrapper name='<stderr>' mode='w' encoding='utf-8'>
2024-07-03 03:39:38,031 - INFO:root - [03:39:38.031]â‘ ç²¾åº¦ãƒ»å‡¦ç†æ™‚é–“ï¼ˆfaster-large-v2ã€‚æŒ‡å®šã—ãªã„ã¨ã€Œfaster-large-v2ã€ï¼‰:faster-large-v2
2024-07-03 03:39:38,031 - DEBUG:root - >logging_cui=file:<_io.TextIOWrapper name='<stdout>' mode='w' encoding='utf-8'>, is_flush:True, is_print:False, is_log:True, is_output_file:False, sys.stdout:<_io.TextIOWrapper name='<stdout>' mode='w' encoding='utf-8'>, sys.stderr:<_io.TextIOWrapper name='<stderr>' mode='w' encoding='utf-8'>
2024-07-03 03:39:38,031 - INFO:root - [03:39:38.031]â‘¡ãƒãƒ¼ãƒ‰ã‚¦ã‚§ã‚¢ï¼ˆcpu,cudaã€‚æŒ‡å®šã—ãªã„ã¨è‡ªå‹•æ¤œå‡ºï¼‰:cpu
2024-07-03 03:39:38,031 - DEBUG:root - >logging_cui=file:<_io.TextIOWrapper name='<stdout>' mode='w' encoding='utf-8'>, is_flush:True, is_print:False, is_log:True, is_output_file:False, sys.stdout:<_io.TextIOWrapper name='<stdout>' mode='w' encoding='utf-8'>, sys.stderr:<_io.TextIOWrapper name='<stderr>' mode='w' encoding='utf-8'>
2024-07-03 03:39:38,031 - INFO:root - [03:39:38.031]â‘¢è©³ç´°å‡ºåŠ›ï¼ˆTrue,Falseã€‚æŒ‡å®šã—ãªã„ã¨ã€ŒTrueã€ï¼‰:None
2024-07-03 03:39:38,031 - DEBUG:root - >logging_cui=file:<_io.TextIOWrapper name='<stdout>' mode='w' encoding='utf-8'>, is_flush:True, is_print:False, is_log:True, is_output_file:False, sys.stdout:<_io.TextIOWrapper name='<stdout>' mode='w' encoding='utf-8'>, sys.stderr:<_io.TextIOWrapper name='<stderr>' mode='w' encoding='utf-8'>
2024-07-03 03:39:38,031 - INFO:root - [03:39:38.031]â‘£éŸ³å£°ãƒ•ã‚¡ã‚¤ãƒ«ã®ãƒ‘ã‚¹ï¼ˆæŒ‡å®šã—ãªã„ã¨ã€Œsample.mp3ã€ï¼‰:/var/www/ai_server/input_audio_files/test_1.wav
2024-07-03 03:39:38,031 - DEBUG:root - >logging_cui=file:<_io.TextIOWrapper name='<stdout>' mode='w' encoding='utf-8'>, is_flush:True, is_print:False, is_log:True, is_output_file:False, sys.stdout:<_io.TextIOWrapper name='<stdout>' mode='w' encoding='utf-8'>, sys.stderr:<_io.TextIOWrapper name='<stderr>' mode='w' encoding='utf-8'>
2024-07-03 03:39:38,031 - INFO:root - [03:39:38.031]â‘¤å‡ºåŠ›ãƒ•ã‚¡ã‚¤ãƒ«ã®ãƒ‘ã‚¹ï¼ˆæŒ‡å®šã—ãªã„ã¨ã€ŒYYYY-MM-DD-hh-mm-ss.txtã€ï¼‰:None
2024-07-03 03:39:38,033 - DEBUG:root - >_transcribe_faster_whisperlib_model
2024-07-03 03:39:38,033 - DEBUG:root - >logging_cui=file:<_io.TextIOWrapper name='<stdout>' mode='w' encoding='utf-8'>, is_flush:True, is_print:True, is_log:True, is_output_file:False, sys.stdout:<_io.TextIOWrapper name='<stdout>' mode='w' encoding='utf-8'>, sys.stderr:<_io.TextIOWrapper name='<stderr>' mode='w' encoding='utf-8'>
2024-07-03 03:39:38,033 - INFO:root - [03:39:38.033][03:39:38(+19:45:32)]æ–‡å­—èµ·ã“ã—é–‹å§‹:/var/www/ai_server/input_audio_files/test_1.wav:faster-large-v2
2024-07-03 03:39:38,090 - INFO:faster_whisper - Processing audio with duration 00:02.987
2024-07-03 03:39:47,046 - INFO:faster_whisper - Detected language 'ja' with probability 0.95
2024-07-03 03:39:47,047 - DEBUG:faster_whisper - Processing segment at 00:00.000
2024-07-03 03:39:50,456 - DEBUG:root - >logging_cui=file:<_io.TextIOWrapper name='<stdout>' mode='w' encoding='utf-8'>, is_flush:True, is_print:True, is_log:True, is_output_file:False, sys.stdout:<_io.TextIOWrapper name='<stdout>' mode='w' encoding='utf-8'>, sys.stderr:<_io.TextIOWrapper name='<stderr>' mode='w' encoding='utf-8'>
2024-07-03 03:39:50,456 - INFO:root - [03:39:50.456][03:39:50(+00:00:12)]æ–‡å­—èµ·ã“ã—å®Œäº†
2024-07-03 03:39:50,456 - DEBUG:root - >logging_cui=file:<_io.TextIOWrapper name='<stdout>' mode='w' encoding='utf-8'>, is_flush:True, is_print:False, is_log:False, is_output_file:True, sys.stdout:<_io.TextIOWrapper name='<stdout>' mode='w' encoding='utf-8'>, sys.stderr:<_io.TextIOWrapper name='<stderr>' mode='w' encoding='utf-8'>
2024-07-03 03:39:50,457 - INFO:root - transcription: /var/www/ai_server/output_txt_files/test_1_2024-07-03-03-39-38.txt
2024-07-03 03:39:50,458 - INFO:werkzeug - 172.18.0.5 - - [03/Jul/2024 03:39:50] "POST /api/aibt/ai_server HTTP/1.1" 200 -
2024-07-03 13:02:58,027 - INFO:root - >ai_transcribe():
2024-07-03 13:02:58,048 - INFO:root - audio_file: <FileStorage: '/var/www/backend/input_audio_files/test_1.wav' ('audio/wav')>
2024-07-03 13:02:58,048 - INFO:root - audio_filename: /var/www/backend/input_audio_files/test_1.wav
2024-07-03 13:02:58,048 - INFO:root - destination_path: /var/www/ai_server/input_audio_files/test_1.wav
2024-07-03 13:02:58,061 - DEBUG:root - >cmd_transcribe
2024-07-03 13:02:58,062 - DEBUG:root - >logging_cui=file:<_io.TextIOWrapper name='<stdout>' mode='w' encoding='utf-8'>, is_flush:True, is_print:False, is_log:True, is_output_file:False, sys.stdout:<_io.TextIOWrapper name='<stdout>' mode='w' encoding='utf-8'>, sys.stderr:<_io.TextIOWrapper name='<stderr>' mode='w' encoding='utf-8'>
2024-07-03 13:02:58,062 - INFO:root - [13:02:58.062]model:faster-large-v2, device:cpu, in_filepath:/var/www/ai_server/input_audio_files/test_1.wav, out_filename:None, language:None, initial_prompt:None, verbose:None, dtime:None, list:None
2024-07-03 13:02:58,063 - DEBUG:root - >transcribe
2024-07-03 13:02:58,063 - DEBUG:root - >logging_cui=file:<_io.TextIOWrapper name='<stdout>' mode='w' encoding='utf-8'>, is_flush:True, is_print:False, is_log:True, is_output_file:False, sys.stdout:<_io.TextIOWrapper name='<stdout>' mode='w' encoding='utf-8'>, sys.stderr:<_io.TextIOWrapper name='<stderr>' mode='w' encoding='utf-8'>
2024-07-03 13:02:58,063 - INFO:root - [13:02:58.063]â‘ ç²¾åº¦ãƒ»å‡¦ç†æ™‚é–“ï¼ˆfaster-large-v2ã€‚æŒ‡å®šã—ãªã„ã¨ã€Œfaster-large-v2ã€ï¼‰:faster-large-v2
2024-07-03 13:02:58,063 - DEBUG:root - >logging_cui=file:<_io.TextIOWrapper name='<stdout>' mode='w' encoding='utf-8'>, is_flush:True, is_print:False, is_log:True, is_output_file:False, sys.stdout:<_io.TextIOWrapper name='<stdout>' mode='w' encoding='utf-8'>, sys.stderr:<_io.TextIOWrapper name='<stderr>' mode='w' encoding='utf-8'>
2024-07-03 13:02:58,063 - INFO:root - [13:02:58.063]â‘¡ãƒãƒ¼ãƒ‰ã‚¦ã‚§ã‚¢ï¼ˆcpu,cudaã€‚æŒ‡å®šã—ãªã„ã¨è‡ªå‹•æ¤œå‡ºï¼‰:cpu
2024-07-03 13:02:58,063 - DEBUG:root - >logging_cui=file:<_io.TextIOWrapper name='<stdout>' mode='w' encoding='utf-8'>, is_flush:True, is_print:False, is_log:True, is_output_file:False, sys.stdout:<_io.TextIOWrapper name='<stdout>' mode='w' encoding='utf-8'>, sys.stderr:<_io.TextIOWrapper name='<stderr>' mode='w' encoding='utf-8'>
2024-07-03 13:02:58,063 - INFO:root - [13:02:58.063]â‘¢è©³ç´°å‡ºåŠ›ï¼ˆTrue,Falseã€‚æŒ‡å®šã—ãªã„ã¨ã€ŒTrueã€ï¼‰:None
2024-07-03 13:02:58,063 - DEBUG:root - >logging_cui=file:<_io.TextIOWrapper name='<stdout>' mode='w' encoding='utf-8'>, is_flush:True, is_print:False, is_log:True, is_output_file:False, sys.stdout:<_io.TextIOWrapper name='<stdout>' mode='w' encoding='utf-8'>, sys.stderr:<_io.TextIOWrapper name='<stderr>' mode='w' encoding='utf-8'>
2024-07-03 13:02:58,063 - INFO:root - [13:02:58.063]â‘£éŸ³å£°ãƒ•ã‚¡ã‚¤ãƒ«ã®ãƒ‘ã‚¹ï¼ˆæŒ‡å®šã—ãªã„ã¨ã€Œsample.mp3ã€ï¼‰:/var/www/ai_server/input_audio_files/test_1.wav
2024-07-03 13:02:58,063 - DEBUG:root - >logging_cui=file:<_io.TextIOWrapper name='<stdout>' mode='w' encoding='utf-8'>, is_flush:True, is_print:False, is_log:True, is_output_file:False, sys.stdout:<_io.TextIOWrapper name='<stdout>' mode='w' encoding='utf-8'>, sys.stderr:<_io.TextIOWrapper name='<stderr>' mode='w' encoding='utf-8'>
2024-07-03 13:02:58,063 - INFO:root - [13:02:58.063]â‘¤å‡ºåŠ›ãƒ•ã‚¡ã‚¤ãƒ«ã®ãƒ‘ã‚¹ï¼ˆæŒ‡å®šã—ãªã„ã¨ã€ŒYYYY-MM-DD-hh-mm-ss.txtã€ï¼‰:None
2024-07-03 13:02:58,065 - DEBUG:root - >_transcribe_faster_whisperlib_model
2024-07-03 13:02:58,065 - DEBUG:root - >logging_cui=file:<_io.TextIOWrapper name='<stdout>' mode='w' encoding='utf-8'>, is_flush:True, is_print:True, is_log:True, is_output_file:False, sys.stdout:<_io.TextIOWrapper name='<stdout>' mode='w' encoding='utf-8'>, sys.stderr:<_io.TextIOWrapper name='<stderr>' mode='w' encoding='utf-8'>
2024-07-03 13:02:58,065 - INFO:root - [13:02:58.065][13:02:58(+09:23:07)]æ–‡å­—èµ·ã“ã—é–‹å§‹:/var/www/ai_server/input_audio_files/test_1.wav:faster-large-v2
2024-07-03 13:02:58,266 - INFO:faster_whisper - Processing audio with duration 00:02.987
2024-07-03 13:03:10,999 - INFO:faster_whisper - Detected language 'ja' with probability 0.95
2024-07-03 13:03:11,000 - DEBUG:faster_whisper - Processing segment at 00:00.000
2024-07-03 13:03:14,738 - DEBUG:root - >logging_cui=file:<_io.TextIOWrapper name='<stdout>' mode='w' encoding='utf-8'>, is_flush:True, is_print:True, is_log:True, is_output_file:False, sys.stdout:<_io.TextIOWrapper name='<stdout>' mode='w' encoding='utf-8'>, sys.stderr:<_io.TextIOWrapper name='<stderr>' mode='w' encoding='utf-8'>
2024-07-03 13:03:14,739 - INFO:root - [13:03:14.738][13:03:14(+00:00:16)]æ–‡å­—èµ·ã“ã—å®Œäº†
2024-07-03 13:03:14,739 - DEBUG:root - >logging_cui=file:<_io.TextIOWrapper name='<stdout>' mode='w' encoding='utf-8'>, is_flush:True, is_print:False, is_log:False, is_output_file:True, sys.stdout:<_io.TextIOWrapper name='<stdout>' mode='w' encoding='utf-8'>, sys.stderr:<_io.TextIOWrapper name='<stderr>' mode='w' encoding='utf-8'>
2024-07-03 13:03:14,739 - INFO:root - transcription: /var/www/ai_server/output_txt_files/test_1_2024-07-03-13-02-58.txt
2024-07-03 13:03:14,741 - INFO:werkzeug - 172.18.0.5 - - [03/Jul/2024 13:03:14] "POST /api/aibt/ai_server HTTP/1.1" 200 -
